#
# A fatal error has been detected by the Java Runtime Environment:
#
#  EXCEPTION_ACCESS_VIOLATION (0xc0000005) at pc=0x00007ffff70cc164, pid=20260, tid=2660
#
# JRE version: OpenJDK Runtime Environment Corretto-17.0.5.8.1 (17.0.5+8) (build 17.0.5+8-LTS)
# Java VM: OpenJDK 64-Bit Server VM Corretto-17.0.5.8.1 (17.0.5+8-LTS, mixed mode, sharing, tiered, compressed oops, compressed class ptrs, g1 gc, windows-amd64)
# Problematic frame:
# C  [cyjagent.dll+0xc164]
#
# No core dump will be written. Minidumps are not enabled by default on client versions of Windows
#
# If you would like to submit a bug report, please visit:
#   https://github.com/corretto/corretto-17/issues/
# The crash happened outside the Java Virtual Machine in native code.
# See problematic frame for where to report the bug.
#

---------------  S U M M A R Y ------------

Command Line: -javaagent:C:\Program Files\JetBrains\IntelliJ IDEA Community Edition 2022.2.3\lib\idea_rt.jar=50265:C:\Program Files\JetBrains\IntelliJ IDEA Community Edition 2022.2.3\bin -Dfile.encoding=UTF-8 -agentpath:C:\Program Files\Palo Alto Networks\Traps\cyjagent.dll string_masking.Mask

Host: Intel(R) Core(TM) i7-7600U CPU @ 2.80GHz, 4 cores, 15G,  Windows 10 , 64 bit Build 19041 (10.0.19041.2251)
Time: Mon Nov 14 14:46:12 2022 W. Central Africa Standard Time elapsed time: 0.279000 seconds (0d 0h 0m 0s)

---------------  T H R E A D  ---------------

Current thread (0x0000020ccdb9d6a0):  JavaThread "Monitor Ctrl-Break" daemon [_thread_in_native, id=2660, stack(0x0000009d34700000,0x0000009d34800000)]

Stack: [0x0000009d34700000,0x0000009d34800000],  sp=0x0000009d347fd780,  free space=1013k
Native frames: (J=compiled Java code, j=interpreted, Vv=VM code, C=native code)
C  [cyjagent.dll+0xc164]

Java frames: (J=compiled Java code, j=interpreted, Vv=VM code)
j  java.util.concurrent.ConcurrentSkipListSet.<init>()V+5 java.base@17.0.5
j  java.net.InetAddress.<clinit>()V+106 java.base@17.0.5
v  ~StubRoutines::call_stub
j  java.net.InetSocketAddress.<init>(Ljava/lang/String;I)V+15 java.base@17.0.5
j  java.net.Socket.<init>(Ljava/lang/String;I)V+11 java.base@17.0.5
j  com.intellij.rt.execution.application.AppMainV2$1.run()V+10
v  ~StubRoutines::call_stub

siginfo: EXCEPTION_ACCESS_VIOLATION (0xc0000005), reading address 0x0000000000000000


Register to memory mapping:

RIP=0x00007ffff70cc164 cyjagent.dll
RAX=0x0 is NULL
RBX=0x0000020ccdb9d948 points into unknown readable memory: 0x00007fff907f12a0 | a0 12 7f 90 ff 7f 00 00
RCX=0x0 is NULL
RDX=0x0000020ca821dba0 points into unknown readable memory: 0x0000020ccdb9d6a0 | a0 d6 b9 cd 0c 02 00 00
RSP=0x0000009d347fd780 is pointing into the stack for thread: 0x0000020ccdb9d6a0
RBP=0x0000020caa2ef8d0 points into unknown readable memory: 0x0000020caa1f0750 | 50 07 1f aa 0c 02 00 00
RSI=0x0 is NULL
RDI=0x0000020caa8a4d40 points into unknown readable memory: 0x6974752f6176616a | 6a 61 76 61 2f 75 74 69
R8 =0x0000009d347fd5f8 is pointing into the stack for thread: 0x0000020ccdb9d6a0
R9 =0x0000020caa2ef8d0 points into unknown readable memory: 0x0000020caa1f0750 | 50 07 1f aa 0c 02 00 00
R10=0x0 is NULL
R11=0x0000000000000246 is an unknown value
R12=0x0 is NULL
R13=0x0 is NULL
R14=0x0000009d347fd970 is pointing into the stack for thread: 0x0000020ccdb9d6a0
R15=0x0 is NULL


Registers:
RAX=0x0000000000000000, RBX=0x0000020ccdb9d948, RCX=0x0000000000000000, RDX=0x0000020ca821dba0
RSP=0x0000009d347fd780, RBP=0x0000020caa2ef8d0, RSI=0x0000000000000000, RDI=0x0000020caa8a4d40
R8 =0x0000009d347fd5f8, R9 =0x0000020caa2ef8d0, R10=0x0000000000000000, R11=0x0000000000000246
R12=0x0000000000000000, R13=0x0000000000000000, R14=0x0000009d347fd970, R15=0x0000000000000000
RIP=0x00007ffff70cc164, EFLAGS=0x0000000000010202

Top of Stack: (sp=0x0000009d347fd780)
0x0000009d347fd780:   0000020caa8a4d40 0000020ccdb9d948
0x0000009d347fd790:   0000000000000655 00007fff9010a977
0x0000009d347fd7a0:   0000000000646732 0000000000000003
0x0000009d347fd7b0:   000000080056fd20 0000020caa2ef8d0
0x0000009d347fd7c0:   0000000000000016 0000020cccf49a00
0x0000009d347fd7d0:   0000020ca82ed1f0 0000000000000000
0x0000009d347fd7e0:   0000000000000000 00007fff9021b447
0x0000009d347fd7f0:   0000020ca82ed1f0 0000020ccdb9d6a0
0x0000009d347fd800:   0000020caa8a4d40 0000000000000000
0x0000009d347fd810:   0000020caa8a4d40 0000000000000000
0x0000009d347fd820:   0000020c00000655 0000020caa8a46b0
0x0000009d347fd830:   0000009d347fd918 0000009d347fd848
0x0000009d347fd840:   0000020c00000000 0000000000000000
0x0000009d347fd850:   0000020ccda7d300 0000020caa8a46a0
0x0000009d347fd860:   0000020caa8a4d60 0000020caa8ac688
0x0000009d347fd870:   00000000000083b0 0000020ccdb9d6a0 

Instructions: (pc=0x00007ffff70cc164)
0x00007ffff70cc064:   00 00 03 72 2d 44 8b ce 48 8d 05 9d e0 01 00 ba
0x00007ffff70cc074:   2f 00 00 00 4e 8b 0c c8 48 8b 89 90 02 00 00 4c
0x00007ffff70cc084:   8d 05 b6 df 01 00 e8 b1 50 ff ff 48 8b 0d 4a 39
0x00007ffff70cc094:   02 00 48 3b cb 74 68 f6 81 9c 02 00 00 10 74 5f
0x00007ffff70cc0a4:   80 b9 99 02 00 00 02 72 56 4c 8b 8c 24 90 00 00
0x00007ffff70cc0b4:   00 4c 8d 05 84 df 01 00 48 8b 89 90 02 00 00 ba
0x00007ffff70cc0c4:   31 00 00 00 e8 73 50 ff ff eb 34 49 8b 0f 4c 8b
0x00007ffff70cc0d4:   c3 48 8b d6 e8 d3 63 00 00 48 8b 84 24 b0 00 00
0x00007ffff70cc0e4:   00 89 18 48 8b 0d ca 4c 02 00 4c 8b c6 33 d2 ff
0x00007ffff70cc0f4:   15 e7 50 01 00 eb 08 a8 02 75 04 c6 47 40 01 b8
0x00007ffff70cc104:   ff ff ff ff f0 0f c1 47 10 4c 8b b4 24 88 00 00
0x00007ffff70cc114:   00 83 f8 01 75 42 48 8b 4f 18 48 81 c1 70 01 00
0x00007ffff70cc124:   00 ff 15 7d 51 01 00 48 8b 0f 48 8b 47 08 48 89
0x00007ffff70cc134:   08 48 89 41 08 48 8b 4f 18 48 81 c1 70 01 00 00
0x00007ffff70cc144:   ff 15 66 51 01 00 48 8b 0d 67 4c 02 00 4c 8b c7
0x00007ffff70cc154:   33 d2 ff 15 84 50 01 00 48 8b 4d 20 48 8b 55 10
0x00007ffff70cc164:   48 8b 01 48 8b 80 08 01 00 00 ff 15 6c 51 01 00
0x00007ffff70cc174:   85 c0 74 40 48 8b 0d 61 38 02 00 48 8d 15 5a 38
0x00007ffff70cc184:   02 00 48 3b ca 74 2d f6 81 9c 02 00 00 10 74 24
0x00007ffff70cc194:   80 b9 99 02 00 00 03 72 1b 48 8b 89 90 02 00 00
0x00007ffff70cc1a4:   4c 8d 05 95 de 01 00 ba 15 00 00 00 44 8b c8 e8
0x00007ffff70cc1b4:   c8 4e ff ff 48 8b 6c 24 78 48 8b b4 24 80 00 00
0x00007ffff70cc1c4:   00 48 83 c4 50 41 5f 5f 5b c3 cc cc 40 57 48 83
0x00007ffff70cc1d4:   ec 30 f6 81 78 01 00 00 04 48 8b f9 0f 85 87 02
0x00007ffff70cc1e4:   00 00 48 89 5c 24 40 45 33 c9 48 89 6c 24 48 33
0x00007ffff70cc1f4:   d2 48 89 74 24 50 48 8b 71 20 45 8d 41 32 48 8b
0x00007ffff70cc204:   ce 48 8b 06 48 8b 40 08 ff 15 ce 50 01 00 48 8d
0x00007ffff70cc214:   2d c7 37 02 00 85 c0 74 37 48 8b 0d bc 37 02 00
0x00007ffff70cc224:   48 3b cd 74 2b f6 81 9c 02 00 00 10 74 22 80 b9
0x00007ffff70cc234:   99 02 00 00 02 72 19 48 8b 89 90 02 00 00 ba 11
0x00007ffff70cc244:   00 00 00 89 44 24 20 44 8d 4a 21 e8 7c dc ff ff
0x00007ffff70cc254:   48 8b 06 45 33 c9 33 d2 48 8b ce 48 8b 40 08 45 


Stack slot to memory mapping:
stack at sp + 0 slots: 0x0000020caa8a4d40 points into unknown readable memory: 0x6974752f6176616a | 6a 61 76 61 2f 75 74 69
stack at sp + 1 slots: 0x0000020ccdb9d948 points into unknown readable memory: 0x00007fff907f12a0 | a0 12 7f 90 ff 7f 00 00
stack at sp + 2 slots: 0x0000000000000655 is an unknown value
stack at sp + 3 slots: 0x00007fff9010a977 jvm.dll
stack at sp + 4 slots: 0x0000000000646732 is an unknown value
stack at sp + 5 slots: 0x0000000000000003 is an unknown value
stack at sp + 6 slots: 0x000000080056fd20 is pointing into metadata
stack at sp + 7 slots: 0x0000020caa2ef8d0 points into unknown readable memory: 0x0000020caa1f0750 | 50 07 1f aa 0c 02 00 00


---------------  P R O C E S S  ---------------

Threads class SMR info:
_java_thread_list=0x0000020ccdb2f940, length=11, elements={
0x0000020cccf46be0, 0x0000020cccf47e20, 0x0000020ccd905490, 0x0000020ccd908220,
0x0000020ccd910fb0, 0x0000020ccd915190, 0x0000020ccd916b30, 0x0000020ccd919530,
0x0000020cccf28f60, 0x0000020ccdb9d6a0, 0x0000020ccdba2000
}

Java Threads: ( => current thread )
  0x0000020cccf46be0 JavaThread "Reference Handler" daemon [_thread_blocked, id=18396, stack(0x0000009d33d00000,0x0000009d33e00000)]
  0x0000020cccf47e20 JavaThread "Finalizer" daemon [_thread_blocked, id=5460, stack(0x0000009d33e00000,0x0000009d33f00000)]
  0x0000020ccd905490 JavaThread "Attach Listener" daemon [_thread_blocked, id=7696, stack(0x0000009d34000000,0x0000009d34100000)]
  0x0000020ccd908220 JavaThread "Service Thread" daemon [_thread_blocked, id=14268, stack(0x0000009d34100000,0x0000009d34200000)]
  0x0000020ccd910fb0 JavaThread "Monitor Deflation Thread" daemon [_thread_blocked, id=14940, stack(0x0000009d34200000,0x0000009d34300000)]
  0x0000020ccd915190 JavaThread "C2 CompilerThread0" daemon [_thread_blocked, id=15612, stack(0x0000009d34300000,0x0000009d34400000)]
  0x0000020ccd916b30 JavaThread "C1 CompilerThread0" daemon [_thread_blocked, id=19140, stack(0x0000009d34400000,0x0000009d34500000)]
  0x0000020ccd919530 JavaThread "Sweeper thread" daemon [_thread_blocked, id=9864, stack(0x0000009d34500000,0x0000009d34600000)]
  0x0000020cccf28f60 JavaThread "Common-Cleaner" daemon [_thread_blocked, id=19652, stack(0x0000009d34600000,0x0000009d34700000)]
=>0x0000020ccdb9d6a0 JavaThread "Monitor Ctrl-Break" daemon [_thread_in_native, id=2660, stack(0x0000009d34700000,0x0000009d34800000)]
  0x0000020ccdba2000 JavaThread "Notification Thread" daemon [_thread_blocked, id=16932, stack(0x0000009d34800000,0x0000009d34900000)]

Other Threads:
  0x0000020cccf41c00 VMThread "VM Thread" [stack: 0x0000009d33c00000,0x0000009d33d00000] [id=7264] _threads_hazard_ptr=0x0000020ccdb2f940
  0x0000020caa906cf0 GCTaskThread "GC Thread#0" [stack: 0x0000009d33700000,0x0000009d33800000] [id=18312]
  0x0000020caa9179c0 ConcurrentGCThread "G1 Main Marker" terminated
  0x0000020caa9183d0 ConcurrentGCThread "G1 Conc#0" [stack: 0x0000009d33900000,0x0000009d33a00000] [id=12120]
  0x0000020caa94e030 ConcurrentGCThread "G1 Refine#0" terminated
  0x0000020caa94ea50 ConcurrentGCThread "G1 Service" terminated

Threads with active compile tasks:

VM state: at safepoint (normal execution)

VM Mutex/Monitor currently owned by a thread:  ([mutex/lock_event])
[0x0000020caa89b400] Threads_lock - owner thread: 0x0000020cccf41c00
[0x0000020caa89acb0] Heap_lock - owner thread: 0x0000020caa88b1b0

Heap address: 0x0000000702600000, size: 4058 MB, Compressed Oops mode: Zero based, Oop shift amount: 3

CDS archive(s) mapped at: [0x0000000800000000-0x0000000800bc0000-0x0000000800bc0000), size 12320768, SharedBaseAddress: 0x0000000800000000, ArchiveRelocationMode: 0.
Compressed class space mapped at: 0x0000000800c00000-0x0000000840c00000, reserved size: 1073741824
Narrow klass base: 0x0000000800000000, Narrow klass shift: 0, Narrow klass range: 0x100000000

GC Precious Log:
 CPUs: 4 total, 4 available
 Memory: 16227M
 Large Page Support: Disabled
 NUMA Support: Disabled
 Compressed Oops: Enabled (Zero based)
 Heap Region Size: 2M
 Heap Min Capacity: 8M
 Heap Initial Capacity: 254M
 Heap Max Capacity: 4058M
 Pre-touch: Disabled
 Parallel Workers: 4
 Concurrent Workers: 1
 Concurrent Refinement Workers: 4
 Periodic GC: Disabled

Heap:
 garbage-first heap   total 260096K, used 2048K [0x0000000702600000, 0x0000000800000000)
  region size 2048K, 2 young (4096K), 0 survivors (0K)
 Metaspace       used 397K, committed 576K, reserved 1056768K
  class space    used 21K, committed 128K, reserved 1048576K

Heap Regions: E=young(eden), S=young(survivor), O=old, HS=humongous(starts), HC=humongous(continues), CS=collection set, F=free, OA=open archive, CA=closed archive, TAMS=top-at-mark-start (previous, next)
|   0|0x0000000702600000, 0x0000000702600000, 0x0000000702800000|  0%| F|  |TAMS 0x0000000702600000, 0x0000000702600000| Untracked 
|   1|0x0000000702800000, 0x0000000702800000, 0x0000000702a00000|  0%| F|  |TAMS 0x0000000702800000, 0x0000000702800000| Untracked 
|   2|0x0000000702a00000, 0x0000000702a00000, 0x0000000702c00000|  0%| F|  |TAMS 0x0000000702a00000, 0x0000000702a00000| Untracked 
|   3|0x0000000702c00000, 0x0000000702c00000, 0x0000000702e00000|  0%| F|  |TAMS 0x0000000702c00000, 0x0000000702c00000| Untracked 
|   4|0x0000000702e00000, 0x0000000702e00000, 0x0000000703000000|  0%| F|  |TAMS 0x0000000702e00000, 0x0000000702e00000| Untracked 
|   5|0x0000000703000000, 0x0000000703000000, 0x0000000703200000|  0%| F|  |TAMS 0x0000000703000000, 0x0000000703000000| Untracked 
|   6|0x0000000703200000, 0x0000000703200000, 0x0000000703400000|  0%| F|  |TAMS 0x0000000703200000, 0x0000000703200000| Untracked 
|   7|0x0000000703400000, 0x0000000703400000, 0x0000000703600000|  0%| F|  |TAMS 0x0000000703400000, 0x0000000703400000| Untracked 
|   8|0x0000000703600000, 0x0000000703600000, 0x0000000703800000|  0%| F|  |TAMS 0x0000000703600000, 0x0000000703600000| Untracked 
|   9|0x0000000703800000, 0x0000000703800000, 0x0000000703a00000|  0%| F|  |TAMS 0x0000000703800000, 0x0000000703800000| Untracked 
|  10|0x0000000703a00000, 0x0000000703a00000, 0x0000000703c00000|  0%| F|  |TAMS 0x0000000703a00000, 0x0000000703a00000| Untracked 
|  11|0x0000000703c00000, 0x0000000703c00000, 0x0000000703e00000|  0%| F|  |TAMS 0x0000000703c00000, 0x0000000703c00000| Untracked 
|  12|0x0000000703e00000, 0x0000000703e00000, 0x0000000704000000|  0%| F|  |TAMS 0x0000000703e00000, 0x0000000703e00000| Untracked 
|  13|0x0000000704000000, 0x0000000704000000, 0x0000000704200000|  0%| F|  |TAMS 0x0000000704000000, 0x0000000704000000| Untracked 
|  14|0x0000000704200000, 0x0000000704200000, 0x0000000704400000|  0%| F|  |TAMS 0x0000000704200000, 0x0000000704200000| Untracked 
|  15|0x0000000704400000, 0x0000000704400000, 0x0000000704600000|  0%| F|  |TAMS 0x0000000704400000, 0x0000000704400000| Untracked 